-----BEGIN PRIVATE KEY-----
MIIEvQIBADANBgkqhkiG9w0BAQEFAASCBKcwggSjAgEAAoIBAQCRi2GZvQItI5b3
TWV26nhZG1goBUejrF7JYi0KQZ7hnl/R6gTDqzzNosqSCbE4Hp2ccjBpGJ+Vn6Da
vNEGLLG3qA4dfrutIT4FocnLZN0n14VI7jcYnQE5NWpf2k9BjWwEwxKJ3eIgl0mb
bfcVkPDWxdJVhV18gAgAJq/0r99Zi8tWcMRjvna93/SBZg4HBEeyyhAuFbAT8ovX
jSD8W0M5e7bEpxNQwdmUPrBtPspZlgYDhlm3GxwL6ZmsGd5cdtkt4NeknFtp38Fp
+BbRQztm5S4BlMhefC/z58BMsSbLnX9nqwL7nK2roO+RyxqzvNUEfCybwdLzY/Fl
xiFQukaFAgMBAAECggEAAhRH62qWFJ+AyV0ncSy11e4MUxwKMzYj74QRySb5VldN
HqJVeZchaf2kn7P4Pmk/jqvZ8bJqmzhZ064lXU13p3xE4Vp9Y2KJcIqoZ5m0CBzt
2EYg7t7VVOQktiRYBAN5ctL3mZUcJSOMJ2aJhFsa+bJ/R/39ASmSE7B5zIjTq8OM
OltJcbRlgZjbAprdo4nZ9SMJxRviwsSJvYViQCdAazKM0xJMu/Fmg+ws8xRRquco
xLt+SYYrvNDIYc4/aBJO6qS4n8oPw/mUZUsTNEgP7he7WBCw97MV+6k/szEoCmzx
FGTvYdm9lEWyz3hNi8e/gtr8twxvA6vVdWd7R1fhQQKBgQDGyqUk5H/WiZ+si33T
KSims3Tr9EBppDlrypfFhWFZs+kTVEyrxH1qq1LpY2VA8+77mOwN9WLsyi4i13Mi
n/Yn2eHHczLZ/J7SJvaLqaRKZjuiaTiNB/p/+HXC50GcIZHoCHVhpNubV898e+fY
GJWduFuR8Q/bq1iPezb0ZYaFQQKBgQC7betCQmGivC8pjVqGoh2p4xobGBcSK0ib
JZoGfGA5YKsJQj76UGrcmqrfX1w82A/9zMLlJZoJHehAvEfLcJEaEMNQT01TwPdH
wGHcRDCfV0u1E1OKmC8Prxg0pUC4pYnYxE6BVnJ6tM9xzxs9qVwLlqNI+CwaqX7w
po9DHVVcRQKBgQCytt+8yQf8sYExN76Ipcn8A/2rWszFrHRK6bmEQ6L/Z/S0Aedj
zKQLz7YcR9VxjVteKV6eNesXgbP0csj5aeF8di66hmBDBQ8rUwf3Cy2+DSaznfDP
KUsU3SPRcuHTIYLwnRoaDIG5qDnKagJGjeOEBYedLqDZFbPqWhVPpi5HgQKBgGXK
389fj/k67P5LN9QQ7b1bis0WO0lx2n/wXwOQvw3Kc3mW0e9Oh4sCMTUZbFXbHmw/
rcWXs12qMX4fA3r4ysV2Py05tIx9K497a2qeWi3f0k0ojuGhn0WMWcAV0920gfYJ
P328/nWoB1YPHgNSHJxqlonFxuZAEaIPQ5U2tCplAoGAYuPBNTaXHhNXkXxInCnu
x0q8eXlCDVgcdNIzOkorMAkLGg+Fx13TOacIXktPZj0FZmOB65giil8U1rtzlDJ3
Gh00yCzFedoE4jgPY7w4o5osi9iK6aajNsWh5mj8f182/k+tMMw0nDa/Fn71MDCY
cx2xI5dsMP2R7nqNrAjtcgc=
-----END PRIVATE KEY-----
