-----BEGIN PUBLIC KEY-----
MIIBIjANBgkqhkiG9w0BAQEFAAOCAQ8AMIIBCgKCAQEAkYthmb0CLSOW901ldup4
WRtYKAVHo6xeyWItCkGe4Z5f0eoEw6s8zaLKkgmxOB6dnHIwaRiflZ+g2rzRBiyx
t6gOHX67rSE+BaHJy2TdJ9eFSO43GJ0BOTVqX9pPQY1sBMMSid3iIJdJm233FZDw
1sXSVYVdfIAIACav9K/fWYvLVnDEY752vd/0gWYOBwRHssoQLhWwE/KL140g/FtD
OXu2xKcTUMHZlD6wbT7KWZYGA4ZZtxscC+mZrBneXHbZLeDXpJxbad/BafgW0UM7
ZuUuAZTIXnwv8+fATLEmy51/Z6sC+5ytq6Dvkcsas7zVBHwsm8HS82PxZcYhULpG
hQIDAQAB
-----END PUBLIC KEY-----
-----BEGIN CERTIFICATE-----
MIID9TCCAt2gAwIBAgIUS3JCpzD2wsL4aqiqBGZMBnVDqEowDQYJKoZIhvcNAQEL
BQAwgYkxCzAJBgNVBAYTAklOMRIwEAYDVQQIDAl0YW1pbG5hZHUxEDAOBgNVBAcM
B2NoZW5uYWkxGjAYBgNVBAoMEXByZWNpc2lvbml0LmNvLmluMQ8wDQYDVQQDDAZz
dW5kYXIxJzAlBgkqhkiG9w0BCQEWGHN1bmRhcmVzdW4uYWtzQGdtYWlsLmNvbTAe
Fw0yMzEwMDkwMjI5MzJaFw0yNDEwMDgwMjI5MzJaMIGJMQswCQYDVQQGEwJJTjES
MBAGA1UECAwJdGFtaWxuYWR1MRAwDgYDVQQHDAdjaGVubmFpMRowGAYDVQQKDBFw
cmVjaXNpb25pdC5jby5pbjEPMA0GA1UEAwwGc3VuZGFyMScwJQYJKoZIhvcNAQkB
FhhzdW5kYXJlc3VuLmFrc0BnbWFpbC5jb20wggEiMA0GCSqGSIb3DQEBAQUAA4IB
DwAwggEKAoIBAQCRi2GZvQItI5b3TWV26nhZG1goBUejrF7JYi0KQZ7hnl/R6gTD
qzzNosqSCbE4Hp2ccjBpGJ+Vn6DavNEGLLG3qA4dfrutIT4FocnLZN0n14VI7jcY
nQE5NWpf2k9BjWwEwxKJ3eIgl0mbbfcVkPDWxdJVhV18gAgAJq/0r99Zi8tWcMRj
vna93/SBZg4HBEeyyhAuFbAT8ovXjSD8W0M5e7bEpxNQwdmUPrBtPspZlgYDhlm3
GxwL6ZmsGd5cdtkt4NeknFtp38Fp+BbRQztm5S4BlMhefC/z58BMsSbLnX9nqwL7
nK2roO+RyxqzvNUEfCybwdLzY/FlxiFQukaFAgMBAAGjUzBRMB0GA1UdDgQWBBRV
O/M/0hwuadvGhrcd64RULQK+ITAfBgNVHSMEGDAWgBRVO/M/0hwuadvGhrcd64RU
LQK+ITAPBgNVHRMBAf8EBTADAQH/MA0GCSqGSIb3DQEBCwUAA4IBAQCCVNW3XX0f
oJsBoGcEkpnCzW6prAGTB5NaHf0IB0qJfL8l8gZ+ETjJV4Bd3eZwIgqrV5V9Dtpp
HJaV8Gwt6x6l14oSHNY+aE29NAEuaV9JFkq/LrWrSpALHNSU51acrxH/k6DOtw5y
27wKvgM9BR0gBZG8Kr+9hDRaDa3sfzU/BEnPyadLELsLQosvLKdDwzZds7lRd22h
kiWD8ftlMEebpWUNwX8cMRhLKvUqyh0fTaQUggFrluJqXBIEvBtbaMhebyG+mkBr
5A5mC8kxpeM+OdxY6LdCLBGoQyVwd4eGZBW3lVfsZ8PiIoHG3ONc0SKF81KeuvC4
urjMbiKBaL/l
-----END CERTIFICATE-----
